#
# A fatal error has been detected by the Java Runtime Environment:
#
#  Internal Error (javaClasses.cpp:129), pid=4556, tid=8164
#  fatal error: Invalid layout of preloaded class
#
# JRE version: 7.0_09-b05
# Java VM: Java HotSpot(TM) 64-Bit Server VM (23.5-b02 mixed mode windows-amd64 compressed oops)
# Failed to write core dump. Minidumps are not enabled by default on client versions of Windows
#
# If you would like to submit a bug report, please visit:
#   http://bugreport.sun.com/bugreport/crash.jsp
#

---------------  T H R E A D  ---------------

Current thread (0x0000000001eed000):  JavaThread "Unknown thread" [_thread_in_vm, id=8164, stack(0x0000000002580000,0x0000000002680000)]

Stack: [0x0000000002580000,0x0000000002680000]

---------------  P R O C E S S  ---------------

Java Threads: ( => current thread )

Other Threads:

=>0x0000000001eed000 (exited) JavaThread "Unknown thread" [_thread_in_vm, id=8164, stack(0x0000000002580000,0x0000000002680000)]

VM state:not at safepoint (not fully initialized)

VM Mutex/Monitor currently owned by a thread: None

GC Heap History (0 events):
No events

Deoptimization events (0 events):
No events

Internal exceptions (0 events):
No events

Events (10 events):
Event: 0.020 loading class 0x0000000001e89280 done
Event: 0.020 loading class 0x0000000001e42c60 done
Event: 0.020 loading class 0x0000000001e42c30
Event: 0.020 loading class 0x0000000001e92710
Event: 0.020 loading class 0x0000000001e92710 done
Event: 0.020 loading class 0x0000000001e92750
Event: 0.020 loading class 0x0000000001e92750 done
Event: 0.020 loading class 0x000000000b9bc2c0
Event: 0.020 loading class 0x000000000b9bc2c0 done
Event: 0.020 loading class 0x0000000001e42c30 done


Dynamic libraries:
0x000000013f350000 - 0x000000013f384000 	C:\Program Files\Java\jre7\bin\javaw.exe
0x0000000077c20000 - 0x0000000077dc9000 	C:\Windows\SYSTEM32\ntdll.dll
0x0000000070660000 - 0x00000000706ad000 	C:\Program Files\AVAST Software\Avast\snxhk64.dll
0x0000000077a00000 - 0x0000000077b1f000 	C:\Windows\system32\KERNEL32.dll
0x000007fefdb60000 - 0x000007fefdbcb000 	C:\Windows\system32\KERNELBASE.dll
0x000007fefe210000 - 0x000007fefe2eb000 	C:\Windows\system32\ADVAPI32.dll
0x000007fefe920000 - 0x000007fefe9bf000 	C:\Windows\system32\msvcrt.dll
0x000007fefe150000 - 0x000007fefe16f000 	C:\Windows\SYSTEM32\sechost.dll
0x000007fefea40000 - 0x000007fefeb6d000 	C:\Windows\system32\RPCRT4.dll
0x0000000077b20000 - 0x0000000077c1a000 	C:\Windows\system32\USER32.dll
0x000007fefdf00000 - 0x000007fefdf67000 	C:\Windows\system32\GDI32.dll
0x000007feffc10000 - 0x000007feffc1e000 	C:\Windows\system32\LPK.dll
0x000007fefde30000 - 0x000007fefdef9000 	C:\Windows\system32\USP10.dll
0x000007fefc3f0000 - 0x000007fefc5e4000 	C:\Windows\WinSxS\amd64_microsoft.windows.common-controls_6595b64144ccf1df_6.0.7601.17514_none_fa396087175ac9ac\COMCTL32.dll
0x000007fefeda0000 - 0x000007fefee11000 	C:\Windows\system32\SHLWAPI.dll
0x000007fefe660000 - 0x000007fefe68e000 	C:\Windows\system32\IMM32.DLL
0x000007feffda0000 - 0x000007feffea9000 	C:\Windows\system32\MSCTF.dll
0x000007fefd9c0000 - 0x000007fefd9fc000 	C:\Windows\system32\nvinitx.dll
0x0000000072a40000 - 0x0000000072b11000 	C:\Program Files\Java\jre7\bin\msvcr100.dll
0x000000005bf20000 - 0x000000005c63f000 	C:\Program Files\Java\jre7\bin\server\jvm.dll
0x000007fef3b50000 - 0x000007fef3b59000 	C:\Windows\system32\WSOCK32.dll
0x000007fefee20000 - 0x000007fefee6d000 	C:\Windows\system32\WS2_32.dll
0x000007fefee70000 - 0x000007fefee78000 	C:\Windows\system32\NSI.dll
0x000007fefba50000 - 0x000007fefba8b000 	C:\Windows\system32\WINMM.dll
0x0000000077de0000 - 0x0000000077de7000 	C:\Windows\system32\PSAPI.DLL
0x0000000074220000 - 0x000000007422f000 	C:\Program Files\Java\jre7\bin\verify.dll
0x0000000072cf0000 - 0x0000000072d18000 	C:\Program Files\Java\jre7\bin\java.dll
0x0000000072cd0000 - 0x0000000072ce5000 	C:\Program Files\Java\jre7\bin\zip.dll

VM Arguments:
jvm_args: -Dfile.encoding=Cp1250 -Xbootclasspath:D:\Eclipse\sdk\platforms\android-17\android.jar;D:\Eclipse\sdk\add-ons\addon-google_apis-google-17\libs\effects.jar;D:\Eclipse\sdk\add-ons\addon-google_apis-google-17\libs\usb.jar;D:\Eclipse\sdk\add-ons\addon-google_apis-google-17\libs\maps.jar 
java_command: com.blstream.ctf1.asynchronous.GameListDetails
Launcher Type: SUN_STANDARD

Environment Variables:
PATH=C:\Program Files\Common Files\Microsoft Shared\Windows Live;C:\Program Files (x86)\Common Files\Microsoft Shared\Windows Live;C:\Windows\system32;C:\Windows;C:\Windows\System32\Wbem;C:\Windows\System32\WindowsPowerShell\v1.0\;C:\Program Files (x86)\Windows Live\Shared;C:\Program Files\Trend Micro\AMSP;C:\Program Files (x86)\Microsoft SQL Server\100\Tools\Binn\;C:\Program Files\Microsoft SQL Server\100\Tools\Binn\;C:\Program Files\Microsoft SQL Server\100\DTS\Binn\;C:\Program Files\MATLAB\runtime\win64;C:\Program Files\MATLAB\bin;C:\Program Files (x86)\nodejs\;C:\Program Files\TortoiseSVN\bin;C:\Program Files (x86)\MiKTeX 2.9\miktex\bin\;C:\Program Files\Java\jdk1.7.0_09\bin;C:\Users\Wisnia\AppData\Roaming\npm\
USERNAME=Wisnia
OS=Windows_NT
PROCESSOR_IDENTIFIER=Intel64 Family 6 Model 42 Stepping 7, GenuineIntel



---------------  S Y S T E M  ---------------

OS: Windows 7 , 64 bit Build 7601 Service Pack 1

CPU:total 8 (4 cores per cpu, 2 threads per core) family 6 model 42 stepping 7, cmov, cx8, fxsr, mmx, sse, sse2, sse3, ssse3, sse4.1, sse4.2, popcnt, avx, ht, tsc, tscinvbit

Memory: 4k page, physical 8297160k(5656724k free), swap 16592460k(13025652k free)

vm_info: Java HotSpot(TM) 64-Bit Server VM (23.5-b02) for windows-amd64 JRE (1.7.0_09-b05), built on Sep 24 2012 21:45:04 by "java_re" with unknown MS VC++:1600

time: Sat Jun 01 16:13:28 2013
elapsed time: 0 seconds

